[2021-03-18 21:14:55] local.ERROR: could not find driver (SQL: select * from `categories` where `categories`.`deleted_at` is null) {"exception":"[object] (Illuminate\\Database\\QueryException(code: 0): could not find driver (SQL: select * from `categories` where `categories`.`deleted_at` is null) at /mnt/Project/Client Project/Web Development With Laravel/BD-Provat/vendor/laravel/framework/src/Illuminate/Database/Connection.php:671)
[stacktrace]
#0 /mnt/Project/Client Project/Web Development With Laravel/BD-Provat/vendor/laravel/framework/src/Illuminate/Database/Connection.php(631): Illuminate\\Database\\Connection->runQueryCallback()
#1 /mnt/Project/Client Project/Web Development With Laravel/BD-Provat/vendor/laravel/framework/src/Illuminate/Database/Connection.php(339): Illuminate\\Database\\Connection->run()
#2 /mnt/Project/Client Project/Web Development With Laravel/BD-Provat/vendor/laravel/framework/src/Illuminate/Database/Query/Builder.php(2260): Illuminate\\Database\\Connection->select()
#3 /mnt/Project/Client Project/Web Development With Laravel/BD-Provat/vendor/laravel/framework/src/Illuminate/Database/Query/Builder.php(2248): Illuminate\\Database\\Query\\Builder->runSelect()
#4 /mnt/Project/Client Project/Web Development With Laravel/BD-Provat/vendor/laravel/framework/src/Illuminate/Database/Query/Builder.php(2743): Illuminate\\Database\\Query\\Builder->Illuminate\\Database\\Query\\{closure}()
#5 /mnt/Project/Client Project/Web Development With Laravel/BD-Provat/vendor/laravel/framework/src/Illuminate/Database/Query/Builder.php(2249): Illuminate\\Database\\Query\\Builder->onceWithColumns()
#6 /mnt/Project/Client Project/Web Development With Laravel/BD-Provat/vendor/laravel/framework/src/Illuminate/Database/Eloquent/Builder.php(548): Illuminate\\Database\\Query\\Builder->get()
#7 /mnt/Project/Client Project/Web Development With Laravel/BD-Provat/vendor/laravel/framework/src/Illuminate/Database/Eloquent/Builder.php(532): Illuminate\\Database\\Eloquent\\Builder->getModels()
#8 /mnt/Project/Client Project/Web Development With Laravel/BD-Provat/vendor/laravel/framework/src/Illuminate/Database/Eloquent/Model.php(491): Illuminate\\Database\\Eloquent\\Builder->get()
#9 /mnt/Project/Client Project/Web Development With Laravel/BD-Provat/app/Http/Controllers/Frontend/HomeDataShowController.php(18): Illuminate\\Database\\Eloquent\\Model::all()
#10 /mnt/Project/Client Project/Web Development With Laravel/BD-Provat/vendor/laravel/framework/src/Illuminate/Routing/Controller.php(54): App\\Http\\Controllers\\Frontend\\HomeDataShowController->HomeDataShow()
#11 /mnt/Project/Client Project/Web Development With Laravel/BD-Provat/vendor/laravel/framework/src/Illuminate/Routing/ControllerDispatcher.php(45): Illuminate\\Routing\\Controller->callAction()
#12 /mnt/Project/Client Project/Web Development With Laravel/BD-Provat/vendor/laravel/framework/src/Illuminate/Routing/Route.php(239): Illuminate\\Routing\\ControllerDispatcher->dispatch()
#13 /mnt/Project/Client Project/Web Development With Laravel/BD-Provat/vendor/laravel/framework/src/Illuminate/Routing/Route.php(196): Illuminate\\Routing\\Route->runController()
#14 /mnt/Project/Client Project/Web Development With Laravel/BD-Provat/vendor/laravel/framework/src/Illuminate/Routing/Router.php(685): Illuminate\\Routing\\Route->run()
#15 /mnt/Project/Client Project/Web Development With Laravel/BD-Provat/vendor/laravel/framework/src/Illuminate/Pipeline/Pipeline.php(128): Illuminate\\Routing\\Router->Illuminate\\Routing\\{closure}()
#16 /mnt/Project/Client Project/Web Development With Laravel/BD-Provat/vendor/laravel/framework/src/Illuminate/Routing/Middleware/SubstituteBindings.php(41): Illuminate\\Pipeline\\Pipeline->Illuminate\\Pipeline\\{closure}()
#17 /mnt/Project/Client Project/Web Development With Laravel/BD-Provat/vendor/laravel/framework/src/Illuminate/Pipeline/Pipeline.php(167): Illuminate\\Routing\\Middleware\\SubstituteBindings->handle()
#18 /mnt/Project/Client Project/Web Development With Laravel/BD-Provat/vendor/laravel/framework/src/Illuminate/Foundation/Http/Middleware/VerifyCsrfToken.php(78): Illuminate\\Pipeline\\Pipeline->Illuminate\\Pipeline\\{closure}()
#19 /mnt/Project/Client Project/Web Development With Laravel/BD-Provat/vendor/laravel/framework/src/Illuminate/Pipeline/Pipeline.php(167): Illuminate\\Foundation\\Http\\Middleware\\VerifyCsrfToken->handle()
#20 /mnt/Project/Client Project/Web Development With Laravel/BD-Provat/vendor/laravel/framework/src/Illuminate/View/Middleware/ShareErrorsFromSession.php(49): Illuminate\\Pipeline\\Pipeline->Illuminate\\Pipeline\\{closure}()
#21 /mnt/Project/Client Project/Web Development With Laravel/BD-Provat/vendor/laravel/framework/src/Illuminate/Pipeline/Pipeline.php(167): Illuminate\\View\\Middleware\\ShareErrorsFromSession->handle()
#22 /mnt/Project/Client Project/Web Development With Laravel/BD-Provat/vendor/laravel/framework/src/Illuminate/Session/Middleware/StartSession.php(116): Illuminate\\Pipeline\\Pipeline->Illuminate\\Pipeline\\{closure}()
#23 /mnt/Project/Client Project/Web Development With Laravel/BD-Provat/vendor/laravel/framework/src/Illuminate/Session/Middleware/StartSession.php(62): Illuminate\\Session\\Middleware\\StartSession->handleStatefulRequest()
#24 /mnt/Project/Client Project/Web Development With Laravel/BD-Provat/vendor/laravel/framework/src/Illuminate/Pipeline/Pipeline.php(167): Illuminate\\Session\\Middleware\\StartSession->handle()
#25 /mnt/Project/Client Project/Web Development With Laravel/BD-Provat/vendor/laravel/framework/src/Illuminate/Cookie/Middleware/AddQueuedCookiesToResponse.php(37): Illuminate\\Pipeline\\Pipeline->Illuminate\\Pipeline\\{closure}()
#26 /mnt/Project/Client Project/Web Development With Laravel/BD-Provat/vendor/laravel/framework/src/Illuminate/Pipeline/Pipeline.php(167): Illuminate\\Cookie\\Middleware\\AddQueuedCookiesToResponse->handle()
#27 /mnt/Project/Client Project/Web Development With Laravel/BD-Provat/vendor/laravel/framework/src/Illuminate/Cookie/Middleware/EncryptCookies.php(67): Illuminate\\Pipeline\\Pipeline->Illuminate\\Pipeline\\{closure}()
#28 /mnt/Project/Client Project/Web Development With Laravel/BD-Provat/vendor/laravel/framework/src/Illuminate/Pipeline/Pipeline.php(167): Illuminate\\Cookie\\Middleware\\EncryptCookies->handle()
#29 /mnt/Project/Client Project/Web Development With Laravel/BD-Provat/vendor/laravel/framework/src/Illuminate/Pipeline/Pipeline.php(103): Illuminate\\Pipeline\\Pipeline->Illuminate\\Pipeline\\{closure}()
#30 /mnt/Project/Client Project/Web Development With Laravel/BD-Provat/vendor/laravel/framework/src/Illuminate/Routing/Router.php(687): Illuminate\\Pipeline\\Pipeline->then()
#31 /mnt/Project/Client Project/Web Development With Laravel/BD-Provat/vendor/laravel/framework/src/Illuminate/Routing/Router.php(662): Illuminate\\Routing\\Router->runRouteWithinStack()
#32 /mnt/Project/Client Project/Web Development With Laravel/BD-Provat/vendor/laravel/framework/src/Illuminate/Routing/Router.php(628): Illuminate\\Routing\\Router->runRoute()
#33 /mnt/Project/Client Project/Web Development With Laravel/BD-Provat/vendor/laravel/framework/src/Illuminate/Routing/Router.php(617): Illuminate\\Routing\\Router->dispatchToRoute()
#34 /mnt/Project/Client Project/Web Development With Laravel/BD-Provat/vendor/laravel/framework/src/Illuminate/Foundation/Http/Kernel.php(165): Illuminate\\Routing\\Router->dispatch()
#35 /mnt/Project/Client Project/Web Development With Laravel/BD-Provat/vendor/laravel/framework/src/Illuminate/Pipeline/Pipeline.php(128): Illuminate\\Foundation\\Http\\Kernel->Illuminate\\Foundation\\Http\\{closure}()
#36 /mnt/Project/Client Project/Web Development With Laravel/BD-Provat/vendor/laravel/framework/src/Illuminate/Foundation/Http/Middleware/TransformsRequest.php(21): Illuminate\\Pipeline\\Pipeline->Illuminate\\Pipeline\\{closure}()
#37 /mnt/Project/Client Project/Web Development With Laravel/BD-Provat/vendor/laravel/framework/src/Illuminate/Pipeline/Pipeline.php(167): Illuminate\\Foundation\\Http\\Middleware\\TransformsRequest->handle()
#38 /mnt/Project/Client Project/Web Development With Laravel/BD-Provat/vendor/laravel/framework/src/Illuminate/Foundation/Http/Middleware/TransformsRequest.php(21): Illuminate\\Pipeline\\Pipeline->Illuminate\\Pipeline\\{closure}()
#39 /mnt/Project/Client Project/Web Development With Laravel/BD-Provat/vendor/laravel/framework/src/Illuminate/Pipeline/Pipeline.php(167): Illuminate\\Foundation\\Http\\Middleware\\TransformsRequest->handle()
#40 /mnt/Project/Client Project/Web Development With Laravel/BD-Provat/vendor/laravel/framework/src/Illuminate/Foundation/Http/Middleware/ValidatePostSize.php(27): Illuminate\\Pipeline\\Pipeline->Illuminate\\Pipeline\\{closure}()
#41 /mnt/Project/Client Project/Web Development With Laravel/BD-Provat/vendor/laravel/framework/src/Illuminate/Pipeline/Pipeline.php(167): Illuminate\\Foundation\\Http\\Middleware\\ValidatePostSize->handle()
#42 /mnt/Project/Client Project/Web Development With Laravel/BD-Provat/vendor/laravel/framework/src/Illuminate/Foundation/Http/Middleware/CheckForMaintenanceMode.php(63): Illuminate\\Pipeline\\Pipeline->Illuminate\\Pipeline\\{closure}()
#43 /mnt/Project/Client Project/Web Development With Laravel/BD-Provat/vendor/laravel/framework/src/Illuminate/Pipeline/Pipeline.php(167): Illuminate\\Foundation\\Http\\Middleware\\CheckForMaintenanceMode->handle()
#44 /mnt/Project/Client Project/Web Development With Laravel/BD-Provat/vendor/fruitcake/laravel-cors/src/HandleCors.php(37): Illuminate\\Pipeline\\Pipeline->Illuminate\\Pipeline\\{closure}()
#45 /mnt/Project/Client Project/Web Development With Laravel/BD-Provat/vendor/laravel/framework/src/Illuminate/Pipeline/Pipeline.php(167): Fruitcake\\Cors\\HandleCors->handle()
#46 /mnt/Project/Client Project/Web Development With Laravel/BD-Provat/vendor/fideloper/proxy/src/TrustProxies.php(57): Illuminate\\Pipeline\\Pipeline->Illuminate\\Pipeline\\{closure}()
#47 /mnt/Project/Client Project/Web Development With Laravel/BD-Provat/vendor/laravel/framework/src/Illuminate/Pipeline/Pipeline.php(167): Fideloper\\Proxy\\TrustProxies->handle()
#48 /mnt/Project/Client Project/Web Development With Laravel/BD-Provat/vendor/laravel/framework/src/Illuminate/Pipeline/Pipeline.php(103): Illuminate\\Pipeline\\Pipeline->Illuminate\\Pipeline\\{closure}()
#49 /mnt/Project/Client Project/Web Development With Laravel/BD-Provat/vendor/laravel/framework/src/Illuminate/Foundation/Http/Kernel.php(140): Illuminate\\Pipeline\\Pipeline->then()
#50 /mnt/Project/Client Project/Web Development With Laravel/BD-Provat/vendor/laravel/framework/src/Illuminate/Foundation/Http/Kernel.php(109): Illuminate\\Foundation\\Http\\Kernel->sendRequestThroughRouter()
#51 /mnt/Project/Client Project/Web Development With Laravel/BD-Provat/public/index.php(55): Illuminate\\Foundation\\Http\\Kernel->handle()
#52 /mnt/Project/Client Project/Web Development With Laravel/BD-Provat/server.php(21): require_once('/mnt/Project/Cl...')
#53 {main}

[previous exception] [object] (PDOException(code: 0): could not find driver at /mnt/Project/Client Project/Web Development With Laravel/BD-Provat/vendor/laravel/framework/src/Illuminate/Database/Connectors/Connector.php:70)
[stacktrace]
#0 /mnt/Project/Client Project/Web Development With Laravel/BD-Provat/vendor/laravel/framework/src/Illuminate/Database/Connectors/Connector.php(70): PDO->__construct()
#1 /mnt/Project/Client Project/Web Development With Laravel/BD-Provat/vendor/laravel/framework/src/Illuminate/Database/Connectors/Connector.php(46): Illuminate\\Database\\Connectors\\Connector->createPdoConnection()
#2 /mnt/Project/Client Project/Web Development With Laravel/BD-Provat/vendor/laravel/framework/src/Illuminate/Database/Connectors/MySqlConnector.php(24): Illuminate\\Database\\Connectors\\Connector->createConnection()
#3 /mnt/Project/Client Project/Web Development With Laravel/BD-Provat/vendor/laravel/framework/src/Illuminate/Database/Connectors/ConnectionFactory.php(184): Illuminate\\Database\\Connectors\\MySqlConnector->connect()
#4 [internal function]: Illuminate\\Database\\Connectors\\ConnectionFactory->Illuminate\\Database\\Connectors\\{closure}()
#5 /mnt/Project/Client Project/Web Development With Laravel/BD-Provat/vendor/laravel/framework/src/Illuminate/Database/Connection.php(926): call_user_func()
#6 /mnt/Project/Client Project/Web Development With Laravel/BD-Provat/vendor/laravel/framework/src/Illuminate/Database/Connection.php(961): Illuminate\\Database\\Connection->getPdo()
#7 /mnt/Project/Client Project/Web Development With Laravel/BD-Provat/vendor/laravel/framework/src/Illuminate/Database/Connection.php(405): Illuminate\\Database\\Connection->getReadPdo()
#8 /mnt/Project/Client Project/Web Development With Laravel/BD-Provat/vendor/laravel/framework/src/Illuminate/Database/Connection.php(331): Illuminate\\Database\\Connection->getPdoForSelect()
#9 /mnt/Project/Client Project/Web Development With Laravel/BD-Provat/vendor/laravel/framework/src/Illuminate/Database/Connection.php(664): Illuminate\\Database\\Connection->Illuminate\\Database\\{closure}()
#10 /mnt/Project/Client Project/Web Development With Laravel/BD-Provat/vendor/laravel/framework/src/Illuminate/Database/Connection.php(631): Illuminate\\Database\\Connection->runQueryCallback()
#11 /mnt/Project/Client Project/Web Development With Laravel/BD-Provat/vendor/laravel/framework/src/Illuminate/Database/Connection.php(339): Illuminate\\Database\\Connection->run()
#12 /mnt/Project/Client Project/Web Development With Laravel/BD-Provat/vendor/laravel/framework/src/Illuminate/Database/Query/Builder.php(2260): Illuminate\\Database\\Connection->select()
#13 /mnt/Project/Client Project/Web Development With Laravel/BD-Provat/vendor/laravel/framework/src/Illuminate/Database/Query/Builder.php(2248): Illuminate\\Database\\Query\\Builder->runSelect()
#14 /mnt/Project/Client Project/Web Development With Laravel/BD-Provat/vendor/laravel/framework/src/Illuminate/Database/Query/Builder.php(2743): Illuminate\\Database\\Query\\Builder->Illuminate\\Database\\Query\\{closure}()
#15 /mnt/Project/Client Project/Web Development With Laravel/BD-Provat/vendor/laravel/framework/src/Illuminate/Database/Query/Builder.php(2249): Illuminate\\Database\\Query\\Builder->onceWithColumns()
#16 /mnt/Project/Client Project/Web Development With Laravel/BD-Provat/vendor/laravel/framework/src/Illuminate/Database/Eloquent/Builder.php(548): Illuminate\\Database\\Query\\Builder->get()
#17 /mnt/Project/Client Project/Web Development With Laravel/BD-Provat/vendor/laravel/framework/src/Illuminate/Database/Eloquent/Builder.php(532): Illuminate\\Database\\Eloquent\\Builder->getModels()
#18 /mnt/Project/Client Project/Web Development With Laravel/BD-Provat/vendor/laravel/framework/src/Illuminate/Database/Eloquent/Model.php(491): Illuminate\\Database\\Eloquent\\Builder->get()
#19 /mnt/Project/Client Project/Web Development With Laravel/BD-Provat/app/Http/Controllers/Frontend/HomeDataShowController.php(18): Illuminate\\Database\\Eloquent\\Model::all()
#20 /mnt/Project/Client Project/Web Development With Laravel/BD-Provat/vendor/laravel/framework/src/Illuminate/Routing/Controller.php(54): App\\Http\\Controllers\\Frontend\\HomeDataShowController->HomeDataShow()
#21 /mnt/Project/Client Project/Web Development With Laravel/BD-Provat/vendor/laravel/framework/src/Illuminate/Routing/ControllerDispatcher.php(45): Illuminate\\Routing\\Controller->callAction()
#22 /mnt/Project/Client Project/Web Development With Laravel/BD-Provat/vendor/laravel/framework/src/Illuminate/Routing/Route.php(239): Illuminate\\Routing\\ControllerDispatcher->dispatch()
#23 /mnt/Project/Client Project/Web Development With Laravel/BD-Provat/vendor/laravel/framework/src/Illuminate/Routing/Route.php(196): Illuminate\\Routing\\Route->runController()
#24 /mnt/Project/Client Project/Web Development With Laravel/BD-Provat/vendor/laravel/framework/src/Illuminate/Routing/Router.php(685): Illuminate\\Routing\\Route->run()
#25 /mnt/Project/Client Project/Web Development With Laravel/BD-Provat/vendor/laravel/framework/src/Illuminate/Pipeline/Pipeline.php(128): Illuminate\\Routing\\Router->Illuminate\\Routing\\{closure}()
#26 /mnt/Project/Client Project/Web Development With Laravel/BD-Provat/vendor/laravel/framework/src/Illuminate/Routing/Middleware/SubstituteBindings.php(41): Illuminate\\Pipeline\\Pipeline->Illuminate\\Pipeline\\{closure}()
#27 /mnt/Project/Client Project/Web Development With Laravel/BD-Provat/vendor/laravel/framework/src/Illuminate/Pipeline/Pipeline.php(167): Illuminate\\Routing\\Middleware\\SubstituteBindings->handle()
#28 /mnt/Project/Client Project/Web Development With Laravel/BD-Provat/vendor/laravel/framework/src/Illuminate/Foundation/Http/Middleware/VerifyCsrfToken.php(78): Illuminate\\Pipeline\\Pipeline->Illuminate\\Pipeline\\{closure}()
#29 /mnt/Project/Client Project/Web Development With Laravel/BD-Provat/vendor/laravel/framework/src/Illuminate/Pipeline/Pipeline.php(167): Illuminate\\Foundation\\Http\\Middleware\\VerifyCsrfToken->handle()
#30 /mnt/Project/Client Project/Web Development With Laravel/BD-Provat/vendor/laravel/framework/src/Illuminate/View/Middleware/ShareErrorsFromSession.php(49): Illuminate\\Pipeline\\Pipeline->Illuminate\\Pipeline\\{closure}()
#31 /mnt/Project/Client Project/Web Development With Laravel/BD-Provat/vendor/laravel/framework/src/Illuminate/Pipeline/Pipeline.php(167): Illuminate\\View\\Middleware\\ShareErrorsFromSession->handle()
#32 /mnt/Project/Client Project/Web Development With Laravel/BD-Provat/vendor/laravel/framework/src/Illuminate/Session/Middleware/StartSession.php(116): Illuminate\\Pipeline\\Pipeline->Illuminate\\Pipeline\\{closure}()
#33 /mnt/Project/Client Project/Web Development With Laravel/BD-Provat/vendor/laravel/framework/src/Illuminate/Session/Middleware/StartSession.php(62): Illuminate\\Session\\Middleware\\StartSession->handleStatefulRequest()
#34 /mnt/Project/Client Project/Web Development With Laravel/BD-Provat/vendor/laravel/framework/src/Illuminate/Pipeline/Pipeline.php(167): Illuminate\\Session\\Middleware\\StartSession->handle()
#35 /mnt/Project/Client Project/Web Development With Laravel/BD-Provat/vendor/laravel/framework/src/Illuminate/Cookie/Middleware/AddQueuedCookiesToResponse.php(37): Illuminate\\Pipeline\\Pipeline->Illuminate\\Pipeline\\{closure}()
#36 /mnt/Project/Client Project/Web Development With Laravel/BD-Provat/vendor/laravel/framework/src/Illuminate/Pipeline/Pipeline.php(167): Illuminate\\Cookie\\Middleware\\AddQueuedCookiesToResponse->handle()
#37 /mnt/Project/Client Project/Web Development With Laravel/BD-Provat/vendor/laravel/framework/src/Illuminate/Cookie/Middleware/EncryptCookies.php(67): Illuminate\\Pipeline\\Pipeline->Illuminate\\Pipeline\\{closure}()
#38 /mnt/Project/Client Project/Web Development With Laravel/BD-Provat/vendor/laravel/framework/src/Illuminate/Pipeline/Pipeline.php(167): Illuminate\\Cookie\\Middleware\\EncryptCookies->handle()
#39 /mnt/Project/Client Project/Web Development With Laravel/BD-Provat/vendor/laravel/framework/src/Illuminate/Pipeline/Pipeline.php(103): Illuminate\\Pipeline\\Pipeline->Illuminate\\Pipeline\\{closure}()
#40 /mnt/Project/Client Project/Web Development With Laravel/BD-Provat/vendor/laravel/framework/src/Illuminate/Routing/Router.php(687): Illuminate\\Pipeline\\Pipeline->then()
#41 /mnt/Project/Client Project/Web Development With Laravel/BD-Provat/vendor/laravel/framework/src/Illuminate/Routing/Router.php(662): Illuminate\\Routing\\Router->runRouteWithinStack()
#42 /mnt/Project/Client Project/Web Development With Laravel/BD-Provat/vendor/laravel/framework/src/Illuminate/Routing/Router.php(628): Illuminate\\Routing\\Router->runRoute()
#43 /mnt/Project/Client Project/Web Development With Laravel/BD-Provat/vendor/laravel/framework/src/Illuminate/Routing/Router.php(617): Illuminate\\Routing\\Router->dispatchToRoute()
#44 /mnt/Project/Client Project/Web Development With Laravel/BD-Provat/vendor/laravel/framework/src/Illuminate/Foundation/Http/Kernel.php(165): Illuminate\\Routing\\Router->dispatch()
#45 /mnt/Project/Client Project/Web Development With Laravel/BD-Provat/vendor/laravel/framework/src/Illuminate/Pipeline/Pipeline.php(128): Illuminate\\Foundation\\Http\\Kernel->Illuminate\\Foundation\\Http\\{closure}()
#46 /mnt/Project/Client Project/Web Development With Laravel/BD-Provat/vendor/laravel/framework/src/Illuminate/Foundation/Http/Middleware/TransformsRequest.php(21): Illuminate\\Pipeline\\Pipeline->Illuminate\\Pipeline\\{closure}()
#47 /mnt/Project/Client Project/Web Development With Laravel/BD-Provat/vendor/laravel/framework/src/Illuminate/Pipeline/Pipeline.php(167): Illuminate\\Foundation\\Http\\Middleware\\TransformsRequest->handle()
#48 /mnt/Project/Client Project/Web Development With Laravel/BD-Provat/vendor/laravel/framework/src/Illuminate/Foundation/Http/Middleware/TransformsRequest.php(21): Illuminate\\Pipeline\\Pipeline->Illuminate\\Pipeline\\{closure}()
#49 /mnt/Project/Client Project/Web Development With Laravel/BD-Provat/vendor/laravel/framework/src/Illuminate/Pipeline/Pipeline.php(167): Illuminate\\Foundation\\Http\\Middleware\\TransformsRequest->handle()
#50 /mnt/Project/Client Project/Web Development With Laravel/BD-Provat/vendor/laravel/framework/src/Illuminate/Foundation/Http/Middleware/ValidatePostSize.php(27): Illuminate\\Pipeline\\Pipeline->Illuminate\\Pipeline\\{closure}()
#51 /mnt/Project/Client Project/Web Development With Laravel/BD-Provat/vendor/laravel/framework/src/Illuminate/Pipeline/Pipeline.php(167): Illuminate\\Foundation\\Http\\Middleware\\ValidatePostSize->handle()
#52 /mnt/Project/Client Project/Web Development With Laravel/BD-Provat/vendor/laravel/framework/src/Illuminate/Foundation/Http/Middleware/CheckForMaintenanceMode.php(63): Illuminate\\Pipeline\\Pipeline->Illuminate\\Pipeline\\{closure}()
#53 /mnt/Project/Client Project/Web Development With Laravel/BD-Provat/vendor/laravel/framework/src/Illuminate/Pipeline/Pipeline.php(167): Illuminate\\Foundation\\Http\\Middleware\\CheckForMaintenanceMode->handle()
#54 /mnt/Project/Client Project/Web Development With Laravel/BD-Provat/vendor/fruitcake/laravel-cors/src/HandleCors.php(37): Illuminate\\Pipeline\\Pipeline->Illuminate\\Pipeline\\{closure}()
#55 /mnt/Project/Client Project/Web Development With Laravel/BD-Provat/vendor/laravel/framework/src/Illuminate/Pipeline/Pipeline.php(167): Fruitcake\\Cors\\HandleCors->handle()
#56 /mnt/Project/Client Project/Web Development With Laravel/BD-Provat/vendor/fideloper/proxy/src/TrustProxies.php(57): Illuminate\\Pipeline\\Pipeline->Illuminate\\Pipeline\\{closure}()
#57 /mnt/Project/Client Project/Web Development With Laravel/BD-Provat/vendor/laravel/framework/src/Illuminate/Pipeline/Pipeline.php(167): Fideloper\\Proxy\\TrustProxies->handle()
#58 /mnt/Project/Client Project/Web Development With Laravel/BD-Provat/vendor/laravel/framework/src/Illuminate/Pipeline/Pipeline.php(103): Illuminate\\Pipeline\\Pipeline->Illuminate\\Pipeline\\{closure}()
#59 /mnt/Project/Client Project/Web Development With Laravel/BD-Provat/vendor/laravel/framework/src/Illuminate/Foundation/Http/Kernel.php(140): Illuminate\\Pipeline\\Pipeline->then()
#60 /mnt/Project/Client Project/Web Development With Laravel/BD-Provat/vendor/laravel/framework/src/Illuminate/Foundation/Http/Kernel.php(109): Illuminate\\Foundation\\Http\\Kernel->sendRequestThroughRouter()
#61 /mnt/Project/Client Project/Web Development With Laravel/BD-Provat/public/index.php(55): Illuminate\\Foundation\\Http\\Kernel->handle()
#62 /mnt/Project/Client Project/Web Development With Laravel/BD-Provat/server.php(21): require_once('/mnt/Project/Cl...')
#63 {main}
"} 
[2021-03-18 21:14:55] local.ERROR: file_put_contents(E:\Client Project\Web Development With Laravel\BD-Provat\storage\framework/sessions/QLHZvKPknNkT3qxVC9uyOyo01w84v07MAf9n8hev): failed to open stream: No such file or directory {"exception":"[object] (ErrorException(code: 0): file_put_contents(E:\\Client Project\\Web Development With Laravel\\BD-Provat\\storage\\framework/sessions/QLHZvKPknNkT3qxVC9uyOyo01w84v07MAf9n8hev): failed to open stream: No such file or directory at /mnt/Project/Client Project/Web Development With Laravel/BD-Provat/vendor/laravel/framework/src/Illuminate/Filesystem/Filesystem.php:135)
[stacktrace]
#0 [internal function]: Illuminate\\Foundation\\Bootstrap\\HandleExceptions->handleError()
#1 /mnt/Project/Client Project/Web Development With Laravel/BD-Provat/vendor/laravel/framework/src/Illuminate/Filesystem/Filesystem.php(135): file_put_contents()
#2 /mnt/Project/Client Project/Web Development With Laravel/BD-Provat/vendor/laravel/framework/src/Illuminate/Session/FileSessionHandler.php(83): Illuminate\\Filesystem\\Filesystem->put()
#3 /mnt/Project/Client Project/Web Development With Laravel/BD-Provat/vendor/laravel/framework/src/Illuminate/Session/Store.php(129): Illuminate\\Session\\FileSessionHandler->write()
#4 /mnt/Project/Client Project/Web Development With Laravel/BD-Provat/vendor/laravel/framework/src/Illuminate/Session/Middleware/StartSession.php(231): Illuminate\\Session\\Store->save()
#5 /mnt/Project/Client Project/Web Development With Laravel/BD-Provat/vendor/laravel/framework/src/Illuminate/Session/Middleware/StartSession.php(125): Illuminate\\Session\\Middleware\\StartSession->saveSession()
#6 /mnt/Project/Client Project/Web Development With Laravel/BD-Provat/vendor/laravel/framework/src/Illuminate/Session/Middleware/StartSession.php(62): Illuminate\\Session\\Middleware\\StartSession->handleStatefulRequest()
#7 /mnt/Project/Client Project/Web Development With Laravel/BD-Provat/vendor/laravel/framework/src/Illuminate/Pipeline/Pipeline.php(167): Illuminate\\Session\\Middleware\\StartSession->handle()
#8 /mnt/Project/Client Project/Web Development With Laravel/BD-Provat/vendor/laravel/framework/src/Illuminate/Cookie/Middleware/AddQueuedCookiesToResponse.php(37): Illuminate\\Pipeline\\Pipeline->Illuminate\\Pipeline\\{closure}()
#9 /mnt/Project/Client Project/Web Development With Laravel/BD-Provat/vendor/laravel/framework/src/Illuminate/Pipeline/Pipeline.php(167): Illuminate\\Cookie\\Middleware\\AddQueuedCookiesToResponse->handle()
#10 /mnt/Project/Client Project/Web Development With Laravel/BD-Provat/vendor/laravel/framework/src/Illuminate/Cookie/Middleware/EncryptCookies.php(67): Illuminate\\Pipeline\\Pipeline->Illuminate\\Pipeline\\{closure}()
#11 /mnt/Project/Client Project/Web Development With Laravel/BD-Provat/vendor/laravel/framework/src/Illuminate/Pipeline/Pipeline.php(167): Illuminate\\Cookie\\Middleware\\EncryptCookies->handle()
#12 /mnt/Project/Client Project/Web Development With Laravel/BD-Provat/vendor/laravel/framework/src/Illuminate/Pipeline/Pipeline.php(103): Illuminate\\Pipeline\\Pipeline->Illuminate\\Pipeline\\{closure}()
#13 /mnt/Project/Client Project/Web Development With Laravel/BD-Provat/vendor/laravel/framework/src/Illuminate/Routing/Router.php(687): Illuminate\\Pipeline\\Pipeline->then()
#14 /mnt/Project/Client Project/Web Development With Laravel/BD-Provat/vendor/laravel/framework/src/Illuminate/Routing/Router.php(662): Illuminate\\Routing\\Router->runRouteWithinStack()
#15 /mnt/Project/Client Project/Web Development With Laravel/BD-Provat/vendor/laravel/framework/src/Illuminate/Routing/Router.php(628): Illuminate\\Routing\\Router->runRoute()
#16 /mnt/Project/Client Project/Web Development With Laravel/BD-Provat/vendor/laravel/framework/src/Illuminate/Routing/Router.php(617): Illuminate\\Routing\\Router->dispatchToRoute()
#17 /mnt/Project/Client Project/Web Development With Laravel/BD-Provat/vendor/laravel/framework/src/Illuminate/Foundation/Http/Kernel.php(165): Illuminate\\Routing\\Router->dispatch()
#18 /mnt/Project/Client Project/Web Development With Laravel/BD-Provat/vendor/laravel/framework/src/Illuminate/Pipeline/Pipeline.php(128): Illuminate\\Foundation\\Http\\Kernel->Illuminate\\Foundation\\Http\\{closure}()
#19 /mnt/Project/Client Project/Web Development With Laravel/BD-Provat/vendor/laravel/framework/src/Illuminate/Foundation/Http/Middleware/TransformsRequest.php(21): Illuminate\\Pipeline\\Pipeline->Illuminate\\Pipeline\\{closure}()
#20 /mnt/Project/Client Project/Web Development With Laravel/BD-Provat/vendor/laravel/framework/src/Illuminate/Pipeline/Pipeline.php(167): Illuminate\\Foundation\\Http\\Middleware\\TransformsRequest->handle()
#21 /mnt/Project/Client Project/Web Development With Laravel/BD-Provat/vendor/laravel/framework/src/Illuminate/Foundation/Http/Middleware/TransformsRequest.php(21): Illuminate\\Pipeline\\Pipeline->Illuminate\\Pipeline\\{closure}()
#22 /mnt/Project/Client Project/Web Development With Laravel/BD-Provat/vendor/laravel/framework/src/Illuminate/Pipeline/Pipeline.php(167): Illuminate\\Foundation\\Http\\Middleware\\TransformsRequest->handle()
#23 /mnt/Project/Client Project/Web Development With Laravel/BD-Provat/vendor/laravel/framework/src/Illuminate/Foundation/Http/Middleware/ValidatePostSize.php(27): Illuminate\\Pipeline\\Pipeline->Illuminate\\Pipeline\\{closure}()
#24 /mnt/Project/Client Project/Web Development With Laravel/BD-Provat/vendor/laravel/framework/src/Illuminate/Pipeline/Pipeline.php(167): Illuminate\\Foundation\\Http\\Middleware\\ValidatePostSize->handle()
#25 /mnt/Project/Client Project/Web Development With Laravel/BD-Provat/vendor/laravel/framework/src/Illuminate/Foundation/Http/Middleware/CheckForMaintenanceMode.php(63): Illuminate\\Pipeline\\Pipeline->Illuminate\\Pipeline\\{closure}()
#26 /mnt/Project/Client Project/Web Development With Laravel/BD-Provat/vendor/laravel/framework/src/Illuminate/Pipeline/Pipeline.php(167): Illuminate\\Foundation\\Http\\Middleware\\CheckForMaintenanceMode->handle()
#27 /mnt/Project/Client Project/Web Development With Laravel/BD-Provat/vendor/fruitcake/laravel-cors/src/HandleCors.php(37): Illuminate\\Pipeline\\Pipeline->Illuminate\\Pipeline\\{closure}()
#28 /mnt/Project/Client Project/Web Development With Laravel/BD-Provat/vendor/laravel/framework/src/Illuminate/Pipeline/Pipeline.php(167): Fruitcake\\Cors\\HandleCors->handle()
#29 /mnt/Project/Client Project/Web Development With Laravel/BD-Provat/vendor/fideloper/proxy/src/TrustProxies.php(57): Illuminate\\Pipeline\\Pipeline->Illuminate\\Pipeline\\{closure}()
#30 /mnt/Project/Client Project/Web Development With Laravel/BD-Provat/vendor/laravel/framework/src/Illuminate/Pipeline/Pipeline.php(167): Fideloper\\Proxy\\TrustProxies->handle()
#31 /mnt/Project/Client Project/Web Development With Laravel/BD-Provat/vendor/laravel/framework/src/Illuminate/Pipeline/Pipeline.php(103): Illuminate\\Pipeline\\Pipeline->Illuminate\\Pipeline\\{closure}()
#32 /mnt/Project/Client Project/Web Development With Laravel/BD-Provat/vendor/laravel/framework/src/Illuminate/Foundation/Http/Kernel.php(140): Illuminate\\Pipeline\\Pipeline->then()
#33 /mnt/Project/Client Project/Web Development With Laravel/BD-Provat/vendor/laravel/framework/src/Illuminate/Foundation/Http/Kernel.php(109): Illuminate\\Foundation\\Http\\Kernel->sendRequestThroughRouter()
#34 /mnt/Project/Client Project/Web Development With Laravel/BD-Provat/public/index.php(55): Illuminate\\Foundation\\Http\\Kernel->handle()
#35 /mnt/Project/Client Project/Web Development With Laravel/BD-Provat/server.php(21): require_once('/mnt/Project/Cl...')
#36 {main}
"} 
